2019-12-02 13:45:35,065 INFO o.a.j.u.JMeterUtils: Setting Locale to en_EN
2019-12-02 13:45:35,078 INFO o.a.j.JMeter: Loading user properties from: /home/radame/adam/bin/apache-jmeter-5.2/bin/user.properties
2019-12-02 13:45:35,079 INFO o.a.j.JMeter: Loading system properties from: /home/radame/adam/bin/apache-jmeter-5.2/bin/system.properties
2019-12-02 13:45:35,080 INFO o.a.j.JMeter: Copyright (c) 1998-2019 The Apache Software Foundation
2019-12-02 13:45:35,081 INFO o.a.j.JMeter: Version 5.2
2019-12-02 13:45:35,081 INFO o.a.j.JMeter: java.version=1.8.0_232
2019-12-02 13:45:35,081 INFO o.a.j.JMeter: java.vm.name=OpenJDK 64-Bit Server VM
2019-12-02 13:45:35,081 INFO o.a.j.JMeter: os.name=Linux
2019-12-02 13:45:35,081 INFO o.a.j.JMeter: os.arch=amd64
2019-12-02 13:45:35,081 INFO o.a.j.JMeter: os.version=4.9.0-11-amd64
2019-12-02 13:45:35,081 INFO o.a.j.JMeter: file.encoding=UTF-8
2019-12-02 13:45:35,081 INFO o.a.j.JMeter: java.awt.headless=null
2019-12-02 13:45:35,081 INFO o.a.j.JMeter: Max memory     =1073741824
2019-12-02 13:45:35,081 INFO o.a.j.JMeter: Available Processors =8
2019-12-02 13:45:35,086 INFO o.a.j.JMeter: Default Locale=English (EN)
2019-12-02 13:45:35,086 INFO o.a.j.JMeter: JMeter  Locale=English (EN)
2019-12-02 13:45:35,086 INFO o.a.j.JMeter: JMeterHome=/home/radame/adam/bin/apache-jmeter-5.2
2019-12-02 13:45:35,086 INFO o.a.j.JMeter: user.dir  =/home/radame/adam/modules/ait/labos/AIT_Labos/labo3-load-balancing/Teaching-HEIGVD-AIT-2019-Labo-Load-Balancing
2019-12-02 13:45:35,086 INFO o.a.j.JMeter: PWD       =/home/radame/adam/modules/ait/labos/AIT_Labos/labo3-load-balancing/Teaching-HEIGVD-AIT-2019-Labo-Load-Balancing
2019-12-02 13:45:35,086 INFO o.a.j.JMeter: IP: 127.0.1.1 Name: xpsradame FullName: xpsradame
2019-12-02 13:45:35,346 INFO o.a.j.g.a.LookAndFeelCommand: Installing Darcula LAF
2019-12-02 13:45:35,380 INFO o.a.j.g.a.LookAndFeelCommand: Using look and feel: com.bulenkov.darcula.DarculaLaf [Darcula]
2019-12-02 13:45:35,380 INFO o.a.j.JMeter: Setting LAF to: com.bulenkov.darcula.DarculaLaf
2019-12-02 13:45:35,440 INFO o.a.j.JMeter: Loaded icon properties from org/apache/jmeter/images/icon.properties
2019-12-02 13:45:36,137 INFO o.j.r.JARSourceHTTP: Requesting https://jmeter-plugins.org/repo/?installID=linux-54ac0e602a21c3892b3160d1e85bafab-gui
2019-12-02 13:45:37,759 INFO o.a.j.p.h.s.HTTPSamplerBase: Parser for text/html is org.apache.jmeter.protocol.http.parser.LagartoBasedHtmlParser
2019-12-02 13:45:37,759 INFO o.a.j.p.h.s.HTTPSamplerBase: Parser for application/xhtml+xml is org.apache.jmeter.protocol.http.parser.LagartoBasedHtmlParser
2019-12-02 13:45:37,759 INFO o.a.j.p.h.s.HTTPSamplerBase: Parser for application/xml is org.apache.jmeter.protocol.http.parser.LagartoBasedHtmlParser
2019-12-02 13:45:37,759 INFO o.a.j.p.h.s.HTTPSamplerBase: Parser for text/xml is org.apache.jmeter.protocol.http.parser.LagartoBasedHtmlParser
2019-12-02 13:45:37,759 INFO o.a.j.p.h.s.HTTPSamplerBase: Parser for text/vnd.wap.wml is org.apache.jmeter.protocol.http.parser.RegexpHTMLParser
2019-12-02 13:45:37,759 INFO o.a.j.p.h.s.HTTPSamplerBase: Parser for text/css is org.apache.jmeter.protocol.http.parser.CssParser
2019-12-02 13:45:37,961 INFO o.j.r.PluginManager: Plugins Status: [jpgc-plugins-manager=1.3, jmeter-core=5.2, jmeter-ftp=5.2, jmeter-http=5.2, jmeter-jdbc=5.2, jmeter-jms=5.2, jmeter-junit=5.2, jmeter-java=5.2, jmeter-ldap=5.2, jmeter-mail=5.2, jmeter-mongodb=5.2, jmeter-native=5.2, jmeter-tcp=5.2, jmeter-components=5.2]
2019-12-02 13:45:38,004 INFO o.a.j.e.KeyToolUtils: keytool found at 'keytool'
2019-12-02 13:45:38,006 INFO o.a.j.p.h.p.ProxyControl: HTTP(S) Test Script Recorder SSL Proxy will use keys that support embedded 3rd party resources in file /home/radame/adam/bin/apache-jmeter-5.2/bin/proxyserver.jks
2019-12-02 13:45:38,227 INFO o.a.j.s.FileServer: Default base='/home/radame/adam/modules/ait/labos/AIT_Labos/labo3-load-balancing/Teaching-HEIGVD-AIT-2019-Labo-Load-Balancing'
2019-12-02 13:45:38,531 INFO o.a.j.s.SampleResult: Note: Sample TimeStamps are START times
2019-12-02 13:45:38,531 INFO o.a.j.s.SampleResult: sampleresult.default.encoding is set to ISO-8859-1
2019-12-02 13:45:38,531 INFO o.a.j.s.SampleResult: sampleresult.useNanoTime=true
2019-12-02 13:45:38,531 INFO o.a.j.s.SampleResult: sampleresult.nanoThreadSleep=5000
2019-12-02 13:45:44,158 INFO o.a.j.g.a.Load: Loading file: /home/radame/adam/modules/ait/labos/AIT_Labos/labo3-load-balancing/Teaching-HEIGVD-AIT-2019-Labo-Load-Balancing/tester.jmx
2019-12-02 13:45:44,159 INFO o.a.j.s.FileServer: Set new base='/home/radame/adam/modules/ait/labos/AIT_Labos/labo3-load-balancing/Teaching-HEIGVD-AIT-2019-Labo-Load-Balancing'
2019-12-02 13:45:44,297 INFO o.a.j.s.SaveService: Testplan (JMX) version: 2.2. Testlog (JTL) version: 2.2
2019-12-02 13:45:44,301 INFO o.a.j.s.SaveService: Using SaveService properties file encoding UTF-8
2019-12-02 13:45:44,303 INFO o.a.j.s.SaveService: Using SaveService properties version 5.0
2019-12-02 13:45:44,306 INFO o.a.j.s.SaveService: Loading file: /home/radame/adam/modules/ait/labos/AIT_Labos/labo3-load-balancing/Teaching-HEIGVD-AIT-2019-Labo-Load-Balancing/tester.jmx
2019-12-02 13:45:44,412 INFO o.a.j.p.h.c.CookieManager: Settings: Delete null: true Check: true Allow variable: true Save: false Prefix: COOKIE_
2019-12-02 13:45:44,820 INFO o.a.j.s.FileServer: Set new base='/home/radame/adam/modules/ait/labos/AIT_Labos/labo3-load-balancing/Teaching-HEIGVD-AIT-2019-Labo-Load-Balancing'
2019-12-02 14:02:39,823 INFO o.a.j.e.StandardJMeterEngine: Running the test!
2019-12-02 14:02:39,824 INFO o.a.j.s.SampleEvent: List of sample_variables: []
2019-12-02 14:02:39,824 INFO o.a.j.s.SampleEvent: List of sample_variables: []
2019-12-02 14:02:39,826 INFO o.a.j.e.u.CompoundVariable: Note: Function class names must contain the string: '.functions.'
2019-12-02 14:02:39,827 INFO o.a.j.e.u.CompoundVariable: Note: Function class names must not contain the string: '.gui.'
2019-12-02 14:02:39,869 INFO o.a.j.g.u.JMeterMenuBar: setRunning(true, *local*)
2019-12-02 14:02:40,005 INFO o.a.j.e.StandardJMeterEngine: Starting ThreadGroup: 1 : Thread Group
2019-12-02 14:02:40,006 INFO o.a.j.e.StandardJMeterEngine: Starting 2 threads for group Thread Group.
2019-12-02 14:02:40,006 INFO o.a.j.e.StandardJMeterEngine: Thread will continue on error
2019-12-02 14:02:40,006 INFO o.a.j.t.ThreadGroup: Starting thread group... number=1 threads=2 ramp-up=1 delayedStart=false
2019-12-02 14:02:40,020 INFO o.a.j.t.JMeterThread: Thread started: Thread Group 1-1
2019-12-02 14:02:40,029 INFO o.a.j.p.h.s.HTTPHCAbstractImpl: Local host = xpsradame
2019-12-02 14:02:40,029 INFO o.a.j.t.ThreadGroup: Started thread group number 1
2019-12-02 14:02:40,029 INFO o.a.j.e.StandardJMeterEngine: All thread groups have been started
2019-12-02 14:02:40,033 INFO o.a.j.p.h.s.HTTPHC4Impl: HTTP request retry count = 0
2019-12-02 14:02:40,518 INFO o.a.j.t.JMeterThread: Thread started: Thread Group 1-2
2019-12-02 14:03:15,654 INFO o.a.j.t.JMeterThread: Thread is done: Thread Group 1-1
2019-12-02 14:03:15,654 INFO o.a.j.t.JMeterThread: Thread finished: Thread Group 1-1
2019-12-02 14:03:16,005 INFO o.a.j.t.JMeterThread: Thread is done: Thread Group 1-2
2019-12-02 14:03:16,006 INFO o.a.j.t.JMeterThread: Thread finished: Thread Group 1-2
2019-12-02 14:03:16,006 INFO o.a.j.e.StandardJMeterEngine: Notifying test listeners of end of test
2019-12-02 14:03:16,006 INFO o.a.j.g.u.JMeterMenuBar: setRunning(false, *local*)
2019-12-02 14:17:18,848 INFO o.a.j.e.StandardJMeterEngine: Running the test!
2019-12-02 14:17:18,849 INFO o.a.j.s.SampleEvent: List of sample_variables: []
2019-12-02 14:17:18,852 INFO o.a.j.g.u.JMeterMenuBar: setRunning(true, *local*)
2019-12-02 14:17:19,042 INFO o.a.j.e.StandardJMeterEngine: Starting ThreadGroup: 1 : Thread Group
2019-12-02 14:17:19,042 INFO o.a.j.e.StandardJMeterEngine: Starting 2 threads for group Thread Group.
2019-12-02 14:17:19,042 INFO o.a.j.e.StandardJMeterEngine: Thread will continue on error
2019-12-02 14:17:19,042 INFO o.a.j.t.ThreadGroup: Starting thread group... number=1 threads=2 ramp-up=1 delayedStart=false
2019-12-02 14:17:19,054 INFO o.a.j.t.JMeterThread: Thread started: Thread Group 1-1
2019-12-02 14:17:19,064 INFO o.a.j.t.ThreadGroup: Started thread group number 1
2019-12-02 14:17:19,064 INFO o.a.j.e.StandardJMeterEngine: All thread groups have been started
2019-12-02 14:17:19,553 INFO o.a.j.t.JMeterThread: Thread started: Thread Group 1-2
2019-12-02 14:17:21,012 INFO o.a.j.g.a.Start: Stopping test
2019-12-02 14:17:21,029 INFO o.a.j.t.JMeterThread: Stopping: Thread Group 1-1
2019-12-02 14:17:21,031 WARN o.a.j.t.JMeterThread: Interrupting: Thread Group 1-1 sampler: GET /
2019-12-02 14:17:21,035 INFO o.a.j.t.JMeterThread: Stopping: Thread Group 1-2
2019-12-02 14:17:21,036 WARN o.a.j.t.JMeterThread: Interrupting: Thread Group 1-2 sampler: GET /
2019-12-02 14:17:21,047 INFO o.a.j.t.JMeterThread: Thread finished: Thread Group 1-1
2019-12-02 14:17:21,047 INFO o.a.j.t.JMeterThread: Thread finished: Thread Group 1-2
2019-12-02 14:17:21,048 INFO o.a.j.e.StandardJMeterEngine: Notifying test listeners of end of test
2019-12-02 14:17:21,048 INFO o.a.j.g.u.JMeterMenuBar: setRunning(false, *local*)
2019-12-02 14:17:23,267 INFO o.a.j.e.StandardJMeterEngine: Running the test!
2019-12-02 14:17:23,267 INFO o.a.j.s.SampleEvent: List of sample_variables: []
2019-12-02 14:17:23,270 INFO o.a.j.g.u.JMeterMenuBar: setRunning(true, *local*)
2019-12-02 14:17:23,413 INFO o.a.j.e.StandardJMeterEngine: Starting ThreadGroup: 1 : Thread Group
2019-12-02 14:17:23,413 INFO o.a.j.e.StandardJMeterEngine: Starting 2 threads for group Thread Group.
2019-12-02 14:17:23,413 INFO o.a.j.e.StandardJMeterEngine: Thread will continue on error
2019-12-02 14:17:23,413 INFO o.a.j.t.ThreadGroup: Starting thread group... number=1 threads=2 ramp-up=1 delayedStart=false
2019-12-02 14:17:23,427 INFO o.a.j.t.JMeterThread: Thread started: Thread Group 1-1
2019-12-02 14:17:23,439 INFO o.a.j.t.ThreadGroup: Started thread group number 1
2019-12-02 14:17:23,440 INFO o.a.j.e.StandardJMeterEngine: All thread groups have been started
2019-12-02 14:17:23,926 INFO o.a.j.t.JMeterThread: Thread started: Thread Group 1-2
2019-12-02 14:17:55,962 INFO o.a.j.t.JMeterThread: Thread is done: Thread Group 1-1
2019-12-02 14:17:55,963 INFO o.a.j.t.JMeterThread: Thread finished: Thread Group 1-1
2019-12-02 14:17:56,362 INFO o.a.j.t.JMeterThread: Thread is done: Thread Group 1-2
2019-12-02 14:17:56,363 INFO o.a.j.t.JMeterThread: Thread finished: Thread Group 1-2
2019-12-02 14:17:56,363 INFO o.a.j.e.StandardJMeterEngine: Notifying test listeners of end of test
2019-12-02 14:17:56,363 INFO o.a.j.g.u.JMeterMenuBar: setRunning(false, *local*)
2019-12-02 14:22:50,087 INFO o.a.j.e.StandardJMeterEngine: Running the test!
2019-12-02 14:22:50,088 INFO o.a.j.s.SampleEvent: List of sample_variables: []
2019-12-02 14:22:50,089 INFO o.a.j.g.u.JMeterMenuBar: setRunning(true, *local*)
2019-12-02 14:22:50,285 INFO o.a.j.e.StandardJMeterEngine: Starting ThreadGroup: 1 : Thread Group
2019-12-02 14:22:50,286 INFO o.a.j.e.StandardJMeterEngine: Starting 2 threads for group Thread Group.
2019-12-02 14:22:50,286 INFO o.a.j.e.StandardJMeterEngine: Thread will continue on error
2019-12-02 14:22:50,286 INFO o.a.j.t.ThreadGroup: Starting thread group... number=1 threads=2 ramp-up=1 delayedStart=false
2019-12-02 14:22:50,299 INFO o.a.j.t.JMeterThread: Thread started: Thread Group 1-1
2019-12-02 14:22:50,307 INFO o.a.j.t.ThreadGroup: Started thread group number 1
2019-12-02 14:22:50,307 INFO o.a.j.e.StandardJMeterEngine: All thread groups have been started
2019-12-02 14:22:50,795 INFO o.a.j.t.JMeterThread: Thread started: Thread Group 1-2
2019-12-02 14:27:38,313 INFO o.a.j.t.JMeterThread: Thread is done: Thread Group 1-1
2019-12-02 14:27:38,314 INFO o.a.j.t.JMeterThread: Thread finished: Thread Group 1-1
2019-12-02 14:27:38,877 INFO o.a.j.t.JMeterThread: Thread is done: Thread Group 1-2
2019-12-02 14:27:38,877 INFO o.a.j.t.JMeterThread: Thread finished: Thread Group 1-2
2019-12-02 14:27:38,878 INFO o.a.j.e.StandardJMeterEngine: Notifying test listeners of end of test
2019-12-02 14:27:38,879 INFO o.a.j.g.u.JMeterMenuBar: setRunning(false, *local*)
2019-12-02 14:46:16,352 INFO o.a.j.e.StandardJMeterEngine: Running the test!
2019-12-02 14:46:16,352 INFO o.a.j.s.SampleEvent: List of sample_variables: []
2019-12-02 14:46:16,353 INFO o.a.j.g.u.JMeterMenuBar: setRunning(true, *local*)
2019-12-02 14:46:16,590 INFO o.a.j.e.StandardJMeterEngine: Starting ThreadGroup: 1 : Thread Group
2019-12-02 14:46:16,590 INFO o.a.j.e.StandardJMeterEngine: Starting 2 threads for group Thread Group.
2019-12-02 14:46:16,591 INFO o.a.j.e.StandardJMeterEngine: Thread will continue on error
2019-12-02 14:46:16,591 INFO o.a.j.t.ThreadGroup: Starting thread group... number=1 threads=2 ramp-up=1 delayedStart=false
2019-12-02 14:46:16,599 INFO o.a.j.t.JMeterThread: Thread started: Thread Group 1-1
2019-12-02 14:46:16,606 INFO o.a.j.t.ThreadGroup: Started thread group number 1
2019-12-02 14:46:16,606 INFO o.a.j.e.StandardJMeterEngine: All thread groups have been started
2019-12-02 14:46:17,100 INFO o.a.j.t.JMeterThread: Thread started: Thread Group 1-2
2019-12-02 14:46:56,102 INFO o.a.j.g.a.Start: Stopping test
2019-12-02 14:46:56,113 INFO o.a.j.t.JMeterThread: Stopping: Thread Group 1-2
2019-12-02 14:46:56,114 WARN o.a.j.t.JMeterThread: Interrupting: Thread Group 1-2 sampler: GET /
2019-12-02 14:46:56,116 INFO o.a.j.t.JMeterThread: Stopping: Thread Group 1-1
2019-12-02 14:46:56,116 WARN o.a.j.t.JMeterThread: Interrupting: Thread Group 1-1 sampler: GET /
2019-12-02 14:46:56,122 INFO o.a.j.t.JMeterThread: Thread finished: Thread Group 1-1
2019-12-02 14:46:56,123 INFO o.a.j.t.JMeterThread: Thread finished: Thread Group 1-2
2019-12-02 14:46:56,124 INFO o.a.j.e.StandardJMeterEngine: Notifying test listeners of end of test
2019-12-02 14:46:56,124 INFO o.a.j.g.u.JMeterMenuBar: setRunning(false, *local*)
2019-12-02 14:46:59,145 INFO o.a.j.e.StandardJMeterEngine: Running the test!
2019-12-02 14:46:59,145 INFO o.a.j.s.SampleEvent: List of sample_variables: []
2019-12-02 14:46:59,146 INFO o.a.j.g.u.JMeterMenuBar: setRunning(true, *local*)
2019-12-02 14:46:59,288 INFO o.a.j.e.StandardJMeterEngine: Starting ThreadGroup: 1 : Thread Group
2019-12-02 14:46:59,288 INFO o.a.j.e.StandardJMeterEngine: Starting 2 threads for group Thread Group.
2019-12-02 14:46:59,288 INFO o.a.j.e.StandardJMeterEngine: Thread will continue on error
2019-12-02 14:46:59,288 INFO o.a.j.t.ThreadGroup: Starting thread group... number=1 threads=2 ramp-up=1 delayedStart=false
2019-12-02 14:46:59,296 INFO o.a.j.t.JMeterThread: Thread started: Thread Group 1-1
2019-12-02 14:46:59,303 INFO o.a.j.t.ThreadGroup: Started thread group number 1
2019-12-02 14:46:59,303 INFO o.a.j.e.StandardJMeterEngine: All thread groups have been started
2019-12-02 14:46:59,796 INFO o.a.j.t.JMeterThread: Thread started: Thread Group 1-2
2019-12-02 14:47:46,777 INFO o.a.j.t.JMeterThread: Thread is done: Thread Group 1-1
2019-12-02 14:47:46,778 INFO o.a.j.t.JMeterThread: Thread finished: Thread Group 1-1
2019-12-02 14:47:47,457 INFO o.a.j.t.JMeterThread: Thread is done: Thread Group 1-2
2019-12-02 14:47:47,458 INFO o.a.j.t.JMeterThread: Thread finished: Thread Group 1-2
2019-12-02 14:47:47,459 INFO o.a.j.e.StandardJMeterEngine: Notifying test listeners of end of test
2019-12-02 14:47:47,460 INFO o.a.j.g.u.JMeterMenuBar: setRunning(false, *local*)
